<?xml version="1.0" encoding="UTF-8"?>
<!-- Generated by org.testng.reporters.JUnitReportReporter -->
<testsuite hostname="LAPTOP-A4E622Q7" failures="0" tests="1" name="TestCaseClasses.BookShelvesPageTest" time="30.903" errors="0" timestamp="04 Jul 2021 09:21:10 GMT" skipped="0">
  <testcase classname="TestCaseClasses.BookShelvesPageTest" name="testBookshelveCase" time="30.903"/>
</testsuite> <!-- TestCaseClasses.BookShelvesPageTest -->
