<?xml version="1.0" encoding="UTF-8"?>
<!-- Generated by org.testng.reporters.JUnitReportReporter -->
<testsuite hostname="LAPTOP-A4E622Q7" failures="0" tests="1" name="TestCaseClasses.GetStudyChairTest" time="7.990" errors="0" timestamp="04 Jul 2021 09:21:10 GMT" skipped="0">
  <testcase classname="TestCaseClasses.GetStudyChairTest" name="testChairCase" time="7.990"/>
</testsuite> <!-- TestCaseClasses.GetStudyChairTest -->
